----------09-02-2018 @ 11:35:53----------
Array
(
    [callback] => query_related_themes
)
Array
(
    [doing_wp_cron] => 1535888150.6815168857574462890625
)


=> file      :/home/prabhain/public_html/mindlab/wp-content/plugins/learnpress/inc/abstracts/abstract-background-process.php
=> line      :115
=> function  :add
=> class     :LP_Debug
-----------------------------------------


----------09-02-2018 @ 09:03:23----------
Array
(
    [callback] => query_related_themes
)
Array
(
    [doing_wp_cron] => 1535879003.2554519176483154296875
)


=> file      :/home/prabhain/public_html/mindlab/wp-content/plugins/learnpress/inc/abstracts/abstract-background-process.php
=> line      :115
=> function  :add
=> class     :LP_Debug
-----------------------------------------


----------08-31-2018 @ 18:48:54----------
Array
(
    [callback] => query_related_themes
)
Array
(
    [doing_wp_cron] => 1535741334.0713229179382324218750
)


=> file      :/home/prabhain/public_html/mindlab/wp-content/plugins/learnpress/inc/abstracts/abstract-background-process.php
=> line      :115
=> function  :add
=> class     :LP_Debug
-----------------------------------------


----------08-31-2018 @ 17:36:43----------
Array
(
    [callback] => query_related_themes
)
Array
(
    [doing_wp_cron] => 1535737003.0503430366516113281250
)


=> file      :/home/prabhain/public_html/mindlab/wp-content/plugins/learnpress/inc/abstracts/abstract-background-process.php
=> line      :115
=> function  :add
=> class     :LP_Debug
-----------------------------------------


----------08-31-2018 @ 11:41:54----------
Array
(
    [callback] => query_related_themes
)
Array
(
    [doing_wp_cron] => 1535715714.3275730609893798828125
)


=> file      :/home/prabhain/public_html/mindlab/wp-content/plugins/learnpress/inc/abstracts/abstract-background-process.php
=> line      :115
=> function  :add
=> class     :LP_Debug
-----------------------------------------


----------08-30-2018 @ 17:08:38----------
Array
(
    [callback] => query_related_themes
)
Array
(
    [doing_wp_cron] => 1535648917.4936718940734863281250
)


=> file      :/home/prabhain/public_html/mindlab/wp-content/plugins/learnpress/inc/abstracts/abstract-background-process.php
=> line      :115
=> function  :add
=> class     :LP_Debug
-----------------------------------------


----------08-30-2018 @ 16:08:03----------
Array
(
    [callback] => query_related_themes
)
Array
(
    [doing_wp_cron] => 1535645280.9033329486846923828125
)


=> file      :/home/prabhain/public_html/mindlab/wp-content/plugins/learnpress/inc/abstracts/abstract-background-process.php
=> line      :115
=> function  :add
=> class     :LP_Debug
-----------------------------------------


----------08-30-2018 @ 13:57:49----------
Array
(
    [callback] => query_related_themes
)
Array
(
    [doing_wp_cron] => 1535637468.3479809761047363281250
)


=> file      :/home/prabhain/public_html/mindlab/wp-content/plugins/learnpress/inc/abstracts/abstract-background-process.php
=> line      :115
=> function  :add
=> class     :LP_Debug
-----------------------------------------


----------08-30-2018 @ 06:53:57----------
Array
(
    [callback] => query_related_themes
)
Array
(
    [doing_wp_cron] => 1535612036.7795090675354003906250
)


=> file      :/home/prabhain/public_html/mindlab/wp-content/plugins/learnpress/inc/abstracts/abstract-background-process.php
=> line      :115
=> function  :add
=> class     :LP_Debug
-----------------------------------------


----------08-30-2018 @ 05:49:31----------
Array
(
    [callback] => query_related_themes
)
Array
(
    [doing_wp_cron] => 1535608170.7508990764617919921875
)


=> file      :/home/prabhain/public_html/mindlab/wp-content/plugins/learnpress/inc/abstracts/abstract-background-process.php
=> line      :115
=> function  :add
=> class     :LP_Debug
-----------------------------------------


----------08-29-2018 @ 17:35:19----------
Array
(
    [callback] => query_related_themes
)
Array
(
    [doing_wp_cron] => 1535564118.9684009552001953125000
)


=> file      :/home/prabhain/public_html/mindlab/wp-content/plugins/learnpress/inc/abstracts/abstract-background-process.php
=> line      :115
=> function  :add
=> class     :LP_Debug
-----------------------------------------


----------08-29-2018 @ 09:54:38----------
Array
(
    [callback] => query_related_themes
)
Array
(
    [doing_wp_cron] => 1535536477.4299669265747070312500
)


=> file      :/home/prabhain/public_html/mindlab/wp-content/plugins/learnpress/inc/abstracts/abstract-background-process.php
=> line      :115
=> function  :add
=> class     :LP_Debug
-----------------------------------------


----------08-28-2018 @ 19:34:04----------
Array
(
    [callback] => query_related_themes
)
Array
(
    [doing_wp_cron] => 1535484843.6225650310516357421875
)


=> file      :/home/prabhain/public_html/mindlab/wp-content/plugins/learnpress/inc/abstracts/abstract-background-process.php
=> line      :115
=> function  :add
=> class     :LP_Debug
-----------------------------------------


----------08-28-2018 @ 18:31:26----------
Array
(
    [callback] => query_related_themes
)
Array
(
    [doing_wp_cron] => 1535481081.0736780166625976562500
)


=> file      :/home/prabhain/public_html/mindlab/wp-content/plugins/learnpress/inc/abstracts/abstract-background-process.php
=> line      :115
=> function  :add
=> class     :LP_Debug
-----------------------------------------


----------08-28-2018 @ 07:31:44----------
Array
(
    [callback] => query_related_themes
)
Array
(
    [doing_wp_cron] => 1535441501.9079890251159667968750
)


=> file      :/home/prabhain/public_html/mindlab/wp-content/plugins/learnpress/inc/abstracts/abstract-background-process.php
=> line      :115
=> function  :add
=> class     :LP_Debug
-----------------------------------------


----------08-28-2018 @ 04:34:37----------
Array
(
    [callback] => query_related_themes
)
Array
(
    [doing_wp_cron] => 1535430876.9565889835357666015625
)


=> file      :/home/prabhain/public_html/mindlab/wp-content/plugins/learnpress/inc/abstracts/abstract-background-process.php
=> line      :115
=> function  :add
=> class     :LP_Debug
-----------------------------------------


----------08-28-2018 @ 03:03:33----------
Array
(
    [callback] => query_related_themes
)
Array
(
    [doing_wp_cron] => 1535425412.8027350902557373046875
)


=> file      :/home/prabhain/public_html/mindlab/wp-content/plugins/learnpress/inc/abstracts/abstract-background-process.php
=> line      :115
=> function  :add
=> class     :LP_Debug
-----------------------------------------


----------08-27-2018 @ 21:09:18----------
Array
(
    [callback] => query_related_themes
)
Array
(
    [doing_wp_cron] => 1535404157.6168510913848876953125
)


=> file      :/home/prabhain/public_html/mindlab/wp-content/plugins/learnpress/inc/abstracts/abstract-background-process.php
=> line      :115
=> function  :add
=> class     :LP_Debug
-----------------------------------------


----------08-27-2018 @ 20:05:02----------
Array
(
    [callback] => query_related_themes
)
Array
(
    [doing_wp_cron] => 1535400302.3912270069122314453125
)


=> file      :/home/prabhain/public_html/mindlab/wp-content/plugins/learnpress/inc/abstracts/abstract-background-process.php
=> line      :115
=> function  :add
=> class     :LP_Debug
-----------------------------------------


----------08-27-2018 @ 19:02:01----------
Array
(
    [callback] => query_related_themes
)
Array
(
    [doing_wp_cron] => 1535396520.6513938903808593750000
)


=> file      :/home/prabhain/public_html/mindlab/wp-content/plugins/learnpress/inc/abstracts/abstract-background-process.php
=> line      :115
=> function  :add
=> class     :LP_Debug
-----------------------------------------


----------08-27-2018 @ 17:45:31----------
Array
(
    [callback] => query_related_themes
)
Array
(
    [doing_wp_cron] => 1535391922.8739929199218750000000
)


=> file      :/home/prabhain/public_html/mindlab/wp-content/plugins/learnpress/inc/abstracts/abstract-background-process.php
=> line      :115
=> function  :add
=> class     :LP_Debug
-----------------------------------------


----------08-21-2018 @ 19:52:10----------
Array
(
    [callback] => query_related_themes
)
Array
(
    [doing_wp_cron] => 1534881129.2829730510711669921875
)


=> file      :/home/prabhain/public_html/mindlab/wp-content/plugins/learnpress/inc/abstracts/abstract-background-process.php
=> line      :115
=> function  :add
=> class     :LP_Debug
-----------------------------------------


----------08-20-2018 @ 20:25:35----------
Array
(
    [callback] => query_related_themes
)
Array
(
    [doing_wp_cron] => 1534796735.4274370670318603515625
)


=> file      :/home/prabhain/public_html/mindlab/wp-content/plugins/learnpress/inc/abstracts/abstract-background-process.php
=> line      :115
=> function  :add
=> class     :LP_Debug
-----------------------------------------


----------08-20-2018 @ 19:07:53----------
Array
(
    [callback] => query_related_themes
)
Array
(
    [doing_wp_cron] => 1534792072.4314010143280029296875
)


=> file      :/home/prabhain/public_html/mindlab/wp-content/plugins/learnpress/inc/abstracts/abstract-background-process.php
=> line      :115
=> function  :add
=> class     :LP_Debug
-----------------------------------------


----------08-20-2018 @ 04:47:01----------
Array
(
    [callback] => query_related_themes
)
Array
(
    [doing_wp_cron] => 1534740420.6712760925292968750000
)


=> file      :/home/prabhain/public_html/mindlab/wp-content/plugins/learnpress/inc/abstracts/abstract-background-process.php
=> line      :115
=> function  :add
=> class     :LP_Debug
-----------------------------------------


----------08-20-2018 @ 03:01:23----------
Array
(
    [callback] => query_related_themes
)
Array
(
    [doing_wp_cron] => 1534734080.2785909175872802734375
)


=> file      :/home/prabhain/public_html/mindlab/wp-content/plugins/learnpress/inc/abstracts/abstract-background-process.php
=> line      :115
=> function  :add
=> class     :LP_Debug
-----------------------------------------


----------08-19-2018 @ 23:59:13----------
Array
(
    [callback] => query_related_themes
)
Array
(
    [doing_wp_cron] => 1534723153.0850040912628173828125
)


=> file      :/home/prabhain/public_html/mindlab/wp-content/plugins/learnpress/inc/abstracts/abstract-background-process.php
=> line      :115
=> function  :add
=> class     :LP_Debug
-----------------------------------------


----------08-19-2018 @ 17:56:36----------
Array
(
    [callback] => query_related_themes
)
Array
(
    [doing_wp_cron] => 1534701395.9675641059875488281250
)


=> file      :/home/prabhain/public_html/mindlab/wp-content/plugins/learnpress/inc/abstracts/abstract-background-process.php
=> line      :115
=> function  :add
=> class     :LP_Debug
-----------------------------------------


----------08-19-2018 @ 16:28:28----------
Array
(
    [callback] => query_related_themes
)
Array
(
    [doing_wp_cron] => 1534696107.4431099891662597656250
)


=> file      :/home/prabhain/public_html/mindlab/wp-content/plugins/learnpress/inc/abstracts/abstract-background-process.php
=> line      :115
=> function  :add
=> class     :LP_Debug
-----------------------------------------


----------08-19-2018 @ 10:20:12----------
Array
(
    [callback] => query_related_themes
)
Array
(
    [doing_wp_cron] => 1534674012.4962329864501953125000
)


=> file      :/home/prabhain/public_html/mindlab/wp-content/plugins/learnpress/inc/abstracts/abstract-background-process.php
=> line      :115
=> function  :add
=> class     :LP_Debug
-----------------------------------------


----------08-19-2018 @ 08:27:27----------
Array
(
    [callback] => query_related_themes
)
Array
(
    [doing_wp_cron] => 1534667246.8837850093841552734375
)


=> file      :/home/prabhain/public_html/mindlab/wp-content/plugins/learnpress/inc/abstracts/abstract-background-process.php
=> line      :115
=> function  :add
=> class     :LP_Debug
-----------------------------------------


----------08-19-2018 @ 06:49:27----------
Array
(
    [callback] => query_related_themes
)
Array
(
    [doing_wp_cron] => 1534661366.7982439994812011718750
)


=> file      :/home/prabhain/public_html/mindlab/wp-content/plugins/learnpress/inc/abstracts/abstract-background-process.php
=> line      :115
=> function  :add
=> class     :LP_Debug
-----------------------------------------


----------08-19-2018 @ 05:44:51----------
Array
(
    [callback] => query_related_themes
)
Array
(
    [doing_wp_cron] => 1534657490.4696838855743408203125
)


=> file      :/home/prabhain/public_html/mindlab/wp-content/plugins/learnpress/inc/abstracts/abstract-background-process.php
=> line      :115
=> function  :add
=> class     :LP_Debug
-----------------------------------------


----------08-19-2018 @ 04:44:42----------
Array
(
    [callback] => query_related_themes
)
Array
(
    [doing_wp_cron] => 1534653882.4771308898925781250000
)


=> file      :/home/prabhain/public_html/mindlab/wp-content/plugins/learnpress/inc/abstracts/abstract-background-process.php
=> line      :115
=> function  :add
=> class     :LP_Debug
-----------------------------------------


----------08-18-2018 @ 19:49:08----------
Array
(
    [callback] => query_related_themes
)
Array
(
    [doing_wp_cron] => 1534621747.9141869544982910156250
)


=> file      :/home/prabhain/public_html/mindlab/wp-content/plugins/learnpress/inc/abstracts/abstract-background-process.php
=> line      :115
=> function  :add
=> class     :LP_Debug
-----------------------------------------


----------08-18-2018 @ 18:48:28----------
Array
(
    [callback] => query_related_themes
)
Array
(
    [doing_wp_cron] => 1534618107.6773209571838378906250
)


=> file      :/home/prabhain/public_html/mindlab/wp-content/plugins/learnpress/inc/abstracts/abstract-background-process.php
=> line      :115
=> function  :add
=> class     :LP_Debug
-----------------------------------------


----------08-18-2018 @ 16:58:19----------
Array
(
    [callback] => query_related_themes
)
Array
(
    [doing_wp_cron] => 1534611494.9376718997955322265625
)


=> file      :/home/prabhain/public_html/mindlab/wp-content/plugins/learnpress/inc/abstracts/abstract-background-process.php
=> line      :115
=> function  :add
=> class     :LP_Debug
-----------------------------------------


----------08-18-2018 @ 05:51:44----------
Array
(
    [callback] => query_related_themes
)
Array
(
    [doing_wp_cron] => 1534571503.2794430255889892578125
)


=> file      :/home/prabhain/public_html/mindlab/wp-content/plugins/learnpress/inc/abstracts/abstract-background-process.php
=> line      :115
=> function  :add
=> class     :LP_Debug
-----------------------------------------


----------08-17-2018 @ 20:03:36----------
Array
(
    [callback] => query_related_themes
)
Array
(
    [doing_wp_cron] => 1534536216.0141930580139160156250
)


=> file      :/home/prabhain/public_html/mindlab/wp-content/plugins/learnpress/inc/abstracts/abstract-background-process.php
=> line      :115
=> function  :add
=> class     :LP_Debug
-----------------------------------------


----------08-17-2018 @ 19:03:35----------
Array
(
    [callback] => query_related_themes
)
Array
(
    [action] => lp_query_items
    [nonce] => d64299fc8d
    [0] => Array
        (
            [callback] => query_free_addons
        )

    [woocommerce-login-nonce] => 
    [_wpnonce] => 
)


=> file      :/home/prabhain/public_html/mindlab/wp-content/plugins/learnpress/inc/abstracts/abstract-background-process.php
=> line      :115
=> function  :add
=> class     :LP_Debug
-----------------------------------------


----------08-17-2018 @ 19:03:34----------
Array
(
    [callback] => query_premium_addons
)
Array
(
    [action] => lp_query_items
    [nonce] => d64299fc8d
    [0] => Array
        (
            [callback] => query_free_addons
        )

    [woocommerce-login-nonce] => 
    [_wpnonce] => 
)


=> file      :/home/prabhain/public_html/mindlab/wp-content/plugins/learnpress/inc/abstracts/abstract-background-process.php
=> line      :115
=> function  :add
=> class     :LP_Debug
-----------------------------------------


----------08-17-2018 @ 19:03:33----------
Array
(
    [callback] => query_free_addons
)
Array
(
    [action] => lp_query_items
    [nonce] => d64299fc8d
    [0] => Array
        (
            [callback] => query_free_addons
        )

    [woocommerce-login-nonce] => 
    [_wpnonce] => 
)


=> file      :/home/prabhain/public_html/mindlab/wp-content/plugins/learnpress/inc/abstracts/abstract-background-process.php
=> line      :115
=> function  :add
=> class     :LP_Debug
-----------------------------------------


----------08-16-2018 @ 18:27:29----------
Array
(
    [callback] => query_related_themes
)
Array
(
    [action] => lp_query_items
    [nonce] => 496a7d950f
    [0] => Array
        (
            [callback] => query_free_addons
        )

    [woocommerce-login-nonce] => 
    [_wpnonce] => 
)


=> file      :/home/prabhain/public_html/mindlab/wp-content/plugins/learnpress/inc/abstracts/abstract-background-process.php
=> line      :115
=> function  :add
=> class     :LP_Debug
-----------------------------------------


----------08-16-2018 @ 18:27:28----------
Array
(
    [callback] => query_premium_addons
)
Array
(
    [action] => lp_query_items
    [nonce] => 496a7d950f
    [0] => Array
        (
            [callback] => query_free_addons
        )

    [woocommerce-login-nonce] => 
    [_wpnonce] => 
)


=> file      :/home/prabhain/public_html/mindlab/wp-content/plugins/learnpress/inc/abstracts/abstract-background-process.php
=> line      :115
=> function  :add
=> class     :LP_Debug
-----------------------------------------


----------08-16-2018 @ 18:27:27----------
Array
(
    [callback] => query_free_addons
)
Array
(
    [action] => lp_query_items
    [nonce] => 496a7d950f
    [0] => Array
        (
            [callback] => query_free_addons
        )

    [woocommerce-login-nonce] => 
    [_wpnonce] => 
)


=> file      :/home/prabhain/public_html/mindlab/wp-content/plugins/learnpress/inc/abstracts/abstract-background-process.php
=> line      :115
=> function  :add
=> class     :LP_Debug
-----------------------------------------


----------08-16-2018 @ 02:52:31----------
Array
(
    [callback] => query_related_themes
)
Array
(
    [action] => lp_query_items
    [nonce] => bf6977da6c
    [0] => Array
        (
            [callback] => query_free_addons
        )

    [woocommerce-login-nonce] => 
    [_wpnonce] => 
)


=> file      :/home/prabhain/public_html/mindlab/wp-content/plugins/learnpress/inc/abstracts/abstract-background-process.php
=> line      :115
=> function  :add
=> class     :LP_Debug
-----------------------------------------


----------08-16-2018 @ 02:52:30----------
Array
(
    [callback] => query_premium_addons
)
Array
(
    [action] => lp_query_items
    [nonce] => bf6977da6c
    [0] => Array
        (
            [callback] => query_free_addons
        )

    [woocommerce-login-nonce] => 
    [_wpnonce] => 
)


=> file      :/home/prabhain/public_html/mindlab/wp-content/plugins/learnpress/inc/abstracts/abstract-background-process.php
=> line      :115
=> function  :add
=> class     :LP_Debug
-----------------------------------------


----------08-16-2018 @ 02:52:29----------
Array
(
    [callback] => query_free_addons
)
Array
(
    [action] => lp_query_items
    [nonce] => bf6977da6c
    [0] => Array
        (
            [callback] => query_free_addons
        )

    [woocommerce-login-nonce] => 
    [_wpnonce] => 
)


=> file      :/home/prabhain/public_html/mindlab/wp-content/plugins/learnpress/inc/abstracts/abstract-background-process.php
=> line      :115
=> function  :add
=> class     :LP_Debug
-----------------------------------------


----------08-14-2018 @ 18:49:07----------
Array
(
    [callback] => query_related_themes
)
Array
(
    [action] => lp_query_items
    [nonce] => 9660e3d828
    [0] => Array
        (
            [callback] => query_free_addons
        )

    [woocommerce-login-nonce] => 
    [_wpnonce] => 
)


=> file      :/home/prabhain/public_html/mindlab/wp-content/plugins/learnpress/inc/abstracts/abstract-background-process.php
=> line      :115
=> function  :add
=> class     :LP_Debug
-----------------------------------------


----------08-14-2018 @ 18:49:06----------
Array
(
    [callback] => query_premium_addons
)
Array
(
    [action] => lp_query_items
    [nonce] => 9660e3d828
    [0] => Array
        (
            [callback] => query_free_addons
        )

    [woocommerce-login-nonce] => 
    [_wpnonce] => 
)


=> file      :/home/prabhain/public_html/mindlab/wp-content/plugins/learnpress/inc/abstracts/abstract-background-process.php
=> line      :115
=> function  :add
=> class     :LP_Debug
-----------------------------------------


----------08-14-2018 @ 18:49:03----------
Array
(
    [callback] => query_free_addons
)
Array
(
    [action] => lp_query_items
    [nonce] => 9660e3d828
    [0] => Array
        (
            [callback] => query_free_addons
        )

    [woocommerce-login-nonce] => 
    [_wpnonce] => 
)


=> file      :/home/prabhain/public_html/mindlab/wp-content/plugins/learnpress/inc/abstracts/abstract-background-process.php
=> line      :115
=> function  :add
=> class     :LP_Debug
-----------------------------------------


----------08-13-2018 @ 20:29:11----------
Array
(
    [callback] => query_related_themes
)
Array
(
    [action] => lp_query_items
    [nonce] => 7ec5776ff4
    [0] => Array
        (
            [callback] => query_free_addons
        )

    [woocommerce-login-nonce] => 
    [_wpnonce] => 
)


=> file      :/home/prabhain/public_html/mindlab/wp-content/plugins/learnpress/inc/abstracts/abstract-background-process.php
=> line      :115
=> function  :add
=> class     :LP_Debug
-----------------------------------------


----------08-13-2018 @ 20:29:09----------
Array
(
    [callback] => query_premium_addons
)
Array
(
    [action] => lp_query_items
    [nonce] => 7ec5776ff4
    [0] => Array
        (
            [callback] => query_free_addons
        )

    [woocommerce-login-nonce] => 
    [_wpnonce] => 
)


=> file      :/home/prabhain/public_html/mindlab/wp-content/plugins/learnpress/inc/abstracts/abstract-background-process.php
=> line      :115
=> function  :add
=> class     :LP_Debug
-----------------------------------------


----------08-13-2018 @ 20:29:09----------
Array
(
    [callback] => query_free_addons
)
Array
(
    [action] => lp_query_items
    [nonce] => 7ec5776ff4
    [0] => Array
        (
            [callback] => query_free_addons
        )

    [woocommerce-login-nonce] => 
    [_wpnonce] => 
)


=> file      :/home/prabhain/public_html/mindlab/wp-content/plugins/learnpress/inc/abstracts/abstract-background-process.php
=> line      :115
=> function  :add
=> class     :LP_Debug
-----------------------------------------


----------08-12-2018 @ 18:55:07----------
Array
(
    [callback] => query_related_themes
)
Array
(
    [action] => lp_query_items
    [nonce] => 964226fb22
    [0] => Array
        (
            [callback] => query_free_addons
        )

    [woocommerce-login-nonce] => 
    [_wpnonce] => 
)


=> file      :/home/prabhain/public_html/mindlab/wp-content/plugins/learnpress/inc/abstracts/abstract-background-process.php
=> line      :115
=> function  :add
=> class     :LP_Debug
-----------------------------------------


----------08-12-2018 @ 18:55:06----------
Array
(
    [callback] => query_premium_addons
)
Array
(
    [action] => lp_query_items
    [nonce] => 964226fb22
    [0] => Array
        (
            [callback] => query_free_addons
        )

    [woocommerce-login-nonce] => 
    [_wpnonce] => 
)


=> file      :/home/prabhain/public_html/mindlab/wp-content/plugins/learnpress/inc/abstracts/abstract-background-process.php
=> line      :115
=> function  :add
=> class     :LP_Debug
-----------------------------------------


----------08-12-2018 @ 18:55:05----------
Array
(
    [callback] => query_free_addons
)
Array
(
    [action] => lp_query_items
    [nonce] => 964226fb22
    [0] => Array
        (
            [callback] => query_free_addons
        )

    [woocommerce-login-nonce] => 
    [_wpnonce] => 
)


=> file      :/home/prabhain/public_html/mindlab/wp-content/plugins/learnpress/inc/abstracts/abstract-background-process.php
=> line      :115
=> function  :add
=> class     :LP_Debug
-----------------------------------------


----------08-12-2018 @ 06:53:25----------
Array
(
    [callback] => query_related_themes
)
Array
(
    [action] => lp_query_items
    [nonce] => 5c1c5fb586
    [0] => Array
        (
            [callback] => query_free_addons
        )

    [woocommerce-login-nonce] => 
    [_wpnonce] => 
)


=> file      :/home/prabhain/public_html/mindlab/wp-content/plugins/learnpress/inc/abstracts/abstract-background-process.php
=> line      :115
=> function  :add
=> class     :LP_Debug
-----------------------------------------


----------08-12-2018 @ 06:53:24----------
Array
(
    [callback] => query_premium_addons
)
Array
(
    [action] => lp_query_items
    [nonce] => 5c1c5fb586
    [0] => Array
        (
            [callback] => query_free_addons
        )

    [woocommerce-login-nonce] => 
    [_wpnonce] => 
)


=> file      :/home/prabhain/public_html/mindlab/wp-content/plugins/learnpress/inc/abstracts/abstract-background-process.php
=> line      :115
=> function  :add
=> class     :LP_Debug
-----------------------------------------


----------08-12-2018 @ 06:53:23----------
Array
(
    [callback] => query_free_addons
)
Array
(
    [action] => lp_query_items
    [nonce] => 5c1c5fb586
    [0] => Array
        (
            [callback] => query_free_addons
        )

    [woocommerce-login-nonce] => 
    [_wpnonce] => 
)


=> file      :/home/prabhain/public_html/mindlab/wp-content/plugins/learnpress/inc/abstracts/abstract-background-process.php
=> line      :115
=> function  :add
=> class     :LP_Debug
-----------------------------------------


----------08-10-2018 @ 17:37:03----------
Array
(
    [callback] => query_related_themes
)
Array
(
    [action] => lp_query_items
    [nonce] => e9d2758405
    [0] => Array
        (
            [callback] => query_free_addons
        )

    [woocommerce-login-nonce] => 
    [_wpnonce] => 
)


=> file      :/home/prabhain/public_html/mindlab/wp-content/plugins/learnpress/inc/abstracts/abstract-background-process.php
=> line      :115
=> function  :add
=> class     :LP_Debug
-----------------------------------------


----------08-10-2018 @ 17:37:02----------
Array
(
    [callback] => query_premium_addons
)
Array
(
    [action] => lp_query_items
    [nonce] => e9d2758405
    [0] => Array
        (
            [callback] => query_free_addons
        )

    [woocommerce-login-nonce] => 
    [_wpnonce] => 
)


=> file      :/home/prabhain/public_html/mindlab/wp-content/plugins/learnpress/inc/abstracts/abstract-background-process.php
=> line      :115
=> function  :add
=> class     :LP_Debug
-----------------------------------------


----------08-10-2018 @ 17:37:01----------
Array
(
    [callback] => query_free_addons
)
Array
(
    [action] => lp_query_items
    [nonce] => e9d2758405
    [0] => Array
        (
            [callback] => query_free_addons
        )

    [woocommerce-login-nonce] => 
    [_wpnonce] => 
)


=> file      :/home/prabhain/public_html/mindlab/wp-content/plugins/learnpress/inc/abstracts/abstract-background-process.php
=> line      :115
=> function  :add
=> class     :LP_Debug
-----------------------------------------


----------08-09-2018 @ 18:54:57----------
Array
(
    [callback] => query_related_themes
)
Array
(
    [action] => lp_query_items
    [nonce] => b203903b6a
    [0] => Array
        (
            [callback] => query_free_addons
        )

    [woocommerce-login-nonce] => 
    [_wpnonce] => 
)


=> file      :/home/prabhain/public_html/mindlab/wp-content/plugins/learnpress/inc/abstracts/abstract-background-process.php
=> line      :115
=> function  :add
=> class     :LP_Debug
-----------------------------------------


----------08-09-2018 @ 18:54:56----------
Array
(
    [callback] => query_premium_addons
)
Array
(
    [action] => lp_query_items
    [nonce] => b203903b6a
    [0] => Array
        (
            [callback] => query_free_addons
        )

    [woocommerce-login-nonce] => 
    [_wpnonce] => 
)


=> file      :/home/prabhain/public_html/mindlab/wp-content/plugins/learnpress/inc/abstracts/abstract-background-process.php
=> line      :115
=> function  :add
=> class     :LP_Debug
-----------------------------------------


----------08-09-2018 @ 18:54:56----------
Array
(
    [callback] => query_free_addons
)
Array
(
    [action] => lp_query_items
    [nonce] => b203903b6a
    [0] => Array
        (
            [callback] => query_free_addons
        )

    [woocommerce-login-nonce] => 
    [_wpnonce] => 
)


=> file      :/home/prabhain/public_html/mindlab/wp-content/plugins/learnpress/inc/abstracts/abstract-background-process.php
=> line      :115
=> function  :add
=> class     :LP_Debug
-----------------------------------------


----------08-07-2018 @ 19:11:59----------
Array
(
    [callback] => query_related_themes
)
Array
(
    [action] => lp_query_items
    [nonce] => fd1b57a01d
    [0] => Array
        (
            [callback] => query_free_addons
        )

    [woocommerce-login-nonce] => 
    [_wpnonce] => 
)


=> file      :/home/prabhain/public_html/mindlab/wp-content/plugins/learnpress/inc/abstracts/abstract-background-process.php
=> line      :115
=> function  :add
=> class     :LP_Debug
-----------------------------------------


----------08-07-2018 @ 19:11:57----------
Array
(
    [callback] => query_premium_addons
)
Array
(
    [action] => lp_query_items
    [nonce] => fd1b57a01d
    [0] => Array
        (
            [callback] => query_free_addons
        )

    [woocommerce-login-nonce] => 
    [_wpnonce] => 
)


=> file      :/home/prabhain/public_html/mindlab/wp-content/plugins/learnpress/inc/abstracts/abstract-background-process.php
=> line      :115
=> function  :add
=> class     :LP_Debug
-----------------------------------------


----------08-07-2018 @ 19:11:56----------
Array
(
    [callback] => query_free_addons
)
Array
(
    [action] => lp_query_items
    [nonce] => fd1b57a01d
    [0] => Array
        (
            [callback] => query_free_addons
        )

    [woocommerce-login-nonce] => 
    [_wpnonce] => 
)


=> file      :/home/prabhain/public_html/mindlab/wp-content/plugins/learnpress/inc/abstracts/abstract-background-process.php
=> line      :115
=> function  :add
=> class     :LP_Debug
-----------------------------------------


----------08-07-2018 @ 19:04:40----------
Array
(
    [check_tables] => yes
)
Array
(
    [action] => lp_lp_installer
    [nonce] => ac1bc930c2
    [0] => Array
        (
            [check_tables] => yes
        )

)


=> file      :/home/prabhain/public_html/mindlab/wp-content/plugins/learnpress/inc/abstracts/abstract-background-process.php
=> line      :115
=> function  :add
=> class     :LP_Debug
-----------------------------------------


----------08-07-2018 @ 19:04:40----------
Array
(
    [check_tables] => yes
)
Array
(
    [action] => lp_lp_installer
    [nonce] => ac1bc930c2
    [0] => Array
        (
            [check_tables] => yes
        )

)


=> file      :/home/prabhain/public_html/mindlab/wp-content/plugins/learnpress/inc/abstracts/abstract-background-process.php
=> line      :115
=> function  :add
=> class     :LP_Debug
-----------------------------------------


----------08-07-2018 @ 19:04:40----------
Array
(
    [check_tables] => yes
)
Array
(
    [action] => lp_lp_installer
    [nonce] => ac1bc930c2
    [0] => Array
        (
            [check_tables] => yes
        )

)


=> file      :/home/prabhain/public_html/mindlab/wp-content/plugins/learnpress/inc/abstracts/abstract-background-process.php
=> line      :115
=> function  :add
=> class     :LP_Debug
-----------------------------------------


----------08-07-2018 @ 19:04:40----------
Array
(
    [check_tables] => yes
)
Array
(
    [action] => lp_lp_installer
    [nonce] => ac1bc930c2
    [0] => Array
        (
            [check_tables] => yes
        )

)


=> file      :/home/prabhain/public_html/mindlab/wp-content/plugins/learnpress/inc/abstracts/abstract-background-process.php
=> line      :115
=> function  :add
=> class     :LP_Debug
-----------------------------------------


----------08-07-2018 @ 19:04:40----------
Array
(
    [check_tables] => yes
)
Array
(
    [action] => lp_lp_installer
    [nonce] => ac1bc930c2
    [0] => Array
        (
            [check_tables] => yes
        )

)


=> file      :/home/prabhain/public_html/mindlab/wp-content/plugins/learnpress/inc/abstracts/abstract-background-process.php
=> line      :115
=> function  :add
=> class     :LP_Debug
-----------------------------------------


----------08-07-2018 @ 19:04:40----------
Array
(
    [check_tables] => yes
)
Array
(
    [action] => lp_lp_installer
    [nonce] => ac1bc930c2
    [0] => Array
        (
            [check_tables] => yes
        )

)


=> file      :/home/prabhain/public_html/mindlab/wp-content/plugins/learnpress/inc/abstracts/abstract-background-process.php
=> line      :115
=> function  :add
=> class     :LP_Debug
-----------------------------------------


